{"C:\\Users\\guilherme.taira\\Documents\\github-app\\src\\utils\\pagination\\index.js": {"path":"C:\\Users\\guilherme.taira\\Documents\\github-app\\src\\utils\\pagination\\index.js","statementMap":{"0":{"start":{"line":3,"column":19},"end":{"line":13,"column":1}},"1":{"start":{"line":4,"column":4},"end":{"line":6,"column":5}},"2":{"start":{"line":5,"column":8},"end":{"line":5,"column":16}},"3":{"start":{"line":8,"column":4},"end":{"line":10,"column":5}},"4":{"start":{"line":9,"column":8},"end":{"line":9,"column":29}},"5":{"start":{"line":12,"column":4},"end":{"line":12,"column":25}},"6":{"start":{"line":15,"column":19},"end":{"line":74,"column":1}},"7":{"start":{"line":16,"column":4},"end":{"line":18,"column":5}},"8":{"start":{"line":17,"column":8},"end":{"line":17,"column":61}},"9":{"start":{"line":17,"column":55},"end":{"line":17,"column":60}},"10":{"start":{"line":20,"column":25},"end":{"line":20,"column":26}},"11":{"start":{"line":21,"column":16},"end":{"line":25,"column":5}},"12":{"start":{"line":23,"column":58},"end":{"line":23,"column":95}},"13":{"start":{"line":27,"column":4},"end":{"line":27,"column":79}},"14":{"start":{"line":27,"column":49},"end":{"line":27,"column":78}},"15":{"start":{"line":29,"column":20},"end":{"line":29,"column":28}},"16":{"start":{"line":30,"column":21},"end":{"line":30,"column":29}},"17":{"start":{"line":32,"column":4},"end":{"line":38,"column":5}},"18":{"start":{"line":33,"column":8},"end":{"line":37,"column":9}},"19":{"start":{"line":40,"column":4},"end":{"line":40,"column":24}},"20":{"start":{"line":41,"column":4},"end":{"line":41,"column":25}},"21":{"start":{"line":43,"column":4},"end":{"line":49,"column":5}},"22":{"start":{"line":44,"column":8},"end":{"line":48,"column":9}},"23":{"start":{"line":51,"column":26},"end":{"line":51,"column":49}},"24":{"start":{"line":52,"column":19},"end":{"line":52,"column":42}},"25":{"start":{"line":54,"column":4},"end":{"line":60,"column":5}},"26":{"start":{"line":55,"column":8},"end":{"line":59,"column":9}},"27":{"start":{"line":62,"column":4},"end":{"line":62,"column":45}},"28":{"start":{"line":63,"column":4},"end":{"line":63,"column":38}},"29":{"start":{"line":65,"column":4},"end":{"line":71,"column":5}},"30":{"start":{"line":66,"column":8},"end":{"line":70,"column":9}},"31":{"start":{"line":73,"column":4},"end":{"line":73,"column":16}}},"fnMap":{"0":{"name":"(anonymous_0)","decl":{"start":{"line":3,"column":19},"end":{"line":3,"column":20}},"loc":{"start":{"line":3,"column":46},"end":{"line":13,"column":1}},"line":3},"1":{"name":"(anonymous_1)","decl":{"start":{"line":15,"column":19},"end":{"line":15,"column":20}},"loc":{"start":{"line":15,"column":46},"end":{"line":74,"column":1}},"line":15},"2":{"name":"(anonymous_2)","decl":{"start":{"line":17,"column":45},"end":{"line":17,"column":46}},"loc":{"start":{"line":17,"column":55},"end":{"line":17,"column":60}},"line":17},"3":{"name":"(anonymous_3)","decl":{"start":{"line":23,"column":48},"end":{"line":23,"column":49}},"loc":{"start":{"line":23,"column":58},"end":{"line":23,"column":95}},"line":23},"4":{"name":"(anonymous_4)","decl":{"start":{"line":27,"column":25},"end":{"line":27,"column":26}},"loc":{"start":{"line":27,"column":49},"end":{"line":27,"column":78}},"line":27}},"branchMap":{"0":{"loc":{"start":{"line":4,"column":4},"end":{"line":6,"column":5}},"type":"if","locations":[{"start":{"line":4,"column":4},"end":{"line":6,"column":5}},{"start":{},"end":{}}],"line":4},"1":{"loc":{"start":{"line":8,"column":4},"end":{"line":10,"column":5}},"type":"if","locations":[{"start":{"line":8,"column":4},"end":{"line":10,"column":5}},{"start":{},"end":{}}],"line":8},"2":{"loc":{"start":{"line":16,"column":4},"end":{"line":18,"column":5}},"type":"if","locations":[{"start":{"line":16,"column":4},"end":{"line":18,"column":5}},{"start":{},"end":{}}],"line":16},"3":{"loc":{"start":{"line":32,"column":4},"end":{"line":38,"column":5}},"type":"if","locations":[{"start":{"line":32,"column":4},"end":{"line":38,"column":5}},{"start":{},"end":{}}],"line":32},"4":{"loc":{"start":{"line":43,"column":4},"end":{"line":49,"column":5}},"type":"if","locations":[{"start":{"line":43,"column":4},"end":{"line":49,"column":5}},{"start":{},"end":{}}],"line":43},"5":{"loc":{"start":{"line":54,"column":4},"end":{"line":60,"column":5}},"type":"if","locations":[{"start":{"line":54,"column":4},"end":{"line":60,"column":5}},{"start":{},"end":{}}],"line":54},"6":{"loc":{"start":{"line":65,"column":4},"end":{"line":71,"column":5}},"type":"if","locations":[{"start":{"line":65,"column":4},"end":{"line":71,"column":5}},{"start":{},"end":{}}],"line":65}},"s":{"0":1,"1":30,"2":6,"3":24,"4":3,"5":21,"6":1,"7":13,"8":3,"9":8,"10":10,"11":10,"12":30,"13":10,"14":50,"15":10,"16":10,"17":10,"18":2,"19":10,"20":10,"21":10,"22":3,"23":10,"24":10,"25":10,"26":2,"27":10,"28":10,"29":10,"30":5,"31":10},"f":{"0":30,"1":13,"2":8,"3":30,"4":50},"b":{"0":[6,24],"1":[3,21],"2":[3,10],"3":[2,8],"4":[3,7],"5":[2,8],"6":[5,5]},"_coverageSchema":"1a1c01bbd47fc00a2c39e90264f33305004495a9","hash":"e3c5d5f6e7956293d9fd9610234bdfe65f03e4bb"}
}
