TN:
SF:src\utils\pagination\index.js
FN:3,(anonymous_0)
FN:15,(anonymous_1)
FN:17,(anonymous_2)
FN:23,(anonymous_3)
FN:27,(anonymous_4)
FNF:5
FNH:5
FNDA:30,(anonymous_0)
FNDA:13,(anonymous_1)
FNDA:8,(anonymous_2)
FNDA:30,(anonymous_3)
FNDA:50,(anonymous_4)
DA:3,1
DA:4,30
DA:5,6
DA:8,24
DA:9,3
DA:12,21
DA:15,1
DA:16,13
DA:17,8
DA:20,10
DA:21,10
DA:23,30
DA:27,50
DA:29,10
DA:30,10
DA:32,10
DA:33,2
DA:40,10
DA:41,10
DA:43,10
DA:44,3
DA:51,10
DA:52,10
DA:54,10
DA:55,2
DA:62,10
DA:63,10
DA:65,10
DA:66,5
DA:73,10
LF:30
LH:30
BRDA:4,0,0,6
BRDA:4,0,1,24
BRDA:8,1,0,3
BRDA:8,1,1,21
BRDA:16,2,0,3
BRDA:16,2,1,10
BRDA:32,3,0,2
BRDA:32,3,1,8
BRDA:43,4,0,3
BRDA:43,4,1,7
BRDA:54,5,0,2
BRDA:54,5,1,8
BRDA:65,6,0,5
BRDA:65,6,1,5
BRF:14
BRH:14
end_of_record
